<?xml version="1.0" encoding="UTF-8"?>
<!-- Generated by org.testng.reporters.JUnitXMLReporter -->
<testsuite ignored="3" hostname="JAKIR6614" failures="0" tests="1" name="Default test(failed)" time="0.032" errors="0" timestamp="2023-10-31T21:03:53 EDT">
  <testcase classname="com.testng_practice.PracticeTstNGStudy" name="getPayment" time="0.006"/>
  <testcase classname="com.testng_practice.PracticeTstNGStudy" name="getCart" time="0.0">
    <ignored/>
  </testcase> <!-- getCart -->
  <testcase classname="com.testng_practice.PracticeTstNGStudy" name="getLogin" time="0.0">
    <ignored/>
  </testcase> <!-- getLogin -->
  <testcase classname="com.testng_practice.PracticeTstNGStudy" name="getDress" time="0.0">
    <ignored/>
  </testcase> <!-- getDress -->
</testsuite> <!-- Default test(failed) -->
