<?xml version="1.0" encoding="UTF-8"?>
<!-- Generated by org.testng.reporters.JUnitXMLReporter -->
<testsuite ignored="1" hostname="JAKIR6614" failures="0" tests="7" name="Default test" time="0.039" errors="0" timestamp="2023-11-01T20:48:11 EDT">
  <testcase classname="com.testng_practice.PracticeTstNGStudy" name="getLogin" time="0.004"/>
  <testcase classname="com.testng_practice.PracticeTstNGStudy" name="getDress" time="0.001"/>
  <testcase classname="com.testng_practice.PracticeTstNGStudy" name="getPayment" time="0.001"/>
  <testcase classname="com.testng_practice.PracticeTstNGStudy" name="getPayment" time="0.001"/>
  <testcase classname="com.testng_practice.PracticeTstNGStudy" name="getPayment" time="0.001"/>
  <testcase classname="com.testng_practice.PracticeTstNGStudy" name="getPayment" time="0.0"/>
  <testcase classname="com.testng_practice.PracticeTstNGStudy" name="getPayment" time="0.001"/>
  <testcase classname="com.testng_practice.PracticeTstNGStudy" name="getCart" time="0.0">
    <ignored/>
  </testcase> <!-- getCart -->
</testsuite> <!-- Default test -->
