<?xml version="1.0" encoding="UTF-8"?>
<!-- Generated by org.testng.reporters.JUnitXMLReporter -->
<testsuite ignored="4" hostname="JAKIR6614" failures="0" tests="1" name="Test(failed)" time="0.03" errors="0" timestamp="2023-10-29T00:43:08 EDT">
  <testcase classname="com.testng_practice.PracticeTestNGMethods" name="dress" time="0.005"/>
  <testcase classname="com.testng_practice.PracticeTestNGMethods" name="placeOrder" time="0.0">
    <ignored/>
  </testcase> <!-- placeOrder -->
  <testcase classname="com.testng_practice.PracticeTestNGMethods" name="cart" time="0.0">
    <ignored/>
  </testcase> <!-- cart -->
  <testcase classname="com.testng_practice.PracticeTestNGMethods" name="logIn" time="0.0">
    <ignored/>
  </testcase> <!-- logIn -->
  <testcase classname="com.testng_practice.PracticeTestNGMethods" name="payment" time="0.0">
    <ignored/>
  </testcase> <!-- payment -->
</testsuite> <!-- Test(failed) -->
